        -:    0:Source:/home/lisa/CLionProjects/Exchange/Actions/ActionHandler.cpp
        -:    0:Graph:/home/lisa/CLionProjects/Exchange/cmake-build-debug-coverage/tests/CMakeFiles/ExchangeTest.dir/__/Actions/ActionHandler.cpp.gcno
        -:    0:Data:/home/lisa/CLionProjects/Exchange/cmake-build-debug-coverage/tests/CMakeFiles/ExchangeTest.dir/__/Actions/ActionHandler.cpp.gcda
        -:    0:Runs:1
        -:    1:#include "ActionHandler.hpp"
        -:    2:
function _ZN13ActionHandler15GetActionStringB5cxx11E10ActionType called 0 returned 0% blocks executed 0%
    #####:    3:std::string ActionHandler::GetActionString(ActionType action) {
    #####:    4:  switch (action) {
    %%%%%:    4-block  0
branch  0 never executed
branch  1 never executed
branch  2 never executed
branch  3 never executed
branch  4 never executed
branch  5 never executed
branch  6 never executed
branch  7 never executed
    #####:    5:    case SHOW:
    #####:    6:      return "SHOW";
    %%%%%:    6-block  0
call    0 never executed
call    1 never executed
branch  2 never executed
branch  3 never executed
    %%%%%:    6-block  1
call    4 never executed
    $$$$$:    6-block  2
call    5 never executed
    $$$$$:    6-block  3
call    6 never executed
    #####:    7:    case SHOW_CATEGORY:
    #####:    8:      return "SHOW_CATEGORY";
    %%%%%:    8-block  0
call    0 never executed
call    1 never executed
branch  2 never executed
branch  3 never executed
    %%%%%:    8-block  1
call    4 never executed
    $$$$$:    8-block  2
call    5 never executed
    $$$$$:    8-block  3
call    6 never executed
    #####:    9:    case SHOW_CATEGORIES:
    #####:   10:      return "SHOW_CATEGORIES";
    %%%%%:   10-block  0
call    0 never executed
call    1 never executed
branch  2 never executed
branch  3 never executed
    %%%%%:   10-block  1
call    4 never executed
    $$$$$:   10-block  2
call    5 never executed
    $$$$$:   10-block  3
call    6 never executed
    #####:   11:    case ADD:
    #####:   12:      return "ADD";
    %%%%%:   12-block  0
call    0 never executed
call    1 never executed
branch  2 never executed
branch  3 never executed
    %%%%%:   12-block  1
call    4 never executed
    $$$$$:   12-block  2
call    5 never executed
    $$$$$:   12-block  3
call    6 never executed
    #####:   13:    case DELETE:
    #####:   14:      return "DELETE";
    %%%%%:   14-block  0
call    0 never executed
call    1 never executed
branch  2 never executed
branch  3 never executed
    %%%%%:   14-block  1
call    4 never executed
    $$$$$:   14-block  2
call    5 never executed
    $$$$$:   14-block  3
call    6 never executed
    #####:   15:    case STAGE:
    #####:   16:      return "STAGE";
    %%%%%:   16-block  0
call    0 never executed
call    1 never executed
branch  2 never executed
branch  3 never executed
    %%%%%:   16-block  1
call    4 never executed
    $$$$$:   16-block  2
call    5 never executed
    $$$$$:   16-block  3
call    6 never executed
    #####:   17:    case EXECUTE_ALL:
    #####:   18:      return "EXECUTE_ALL";
    %%%%%:   18-block  0
call    0 never executed
call    1 never executed
branch  2 never executed
branch  3 never executed
    %%%%%:   18-block  1
call    4 never executed
    $$$$$:   18-block  2
call    5 never executed
    $$$$$:   18-block  3
call    6 never executed
    #####:   19:    default:
    #####:   20:      return "NULL";
    %%%%%:   20-block  0
call    0 never executed
call    1 never executed
branch  2 never executed
branch  3 never executed
    %%%%%:   20-block  1
call    4 never executed
    $$$$$:   20-block  2
call    5 never executed
        -:   21:  }
        -:   22:}
        -:   23:
function _ZN13ActionHandler13GetActionTypeENSt7__cxx1112basic_stringIcSt11char_traitsIcESaIcEEE called 1 returned 100% blocks executed 55%
        1:   24:ActionType ActionHandler::GetActionType(std::string actionString) {
        1:   25:  std::transform(actionString.begin(), actionString.end(), actionString.begin(), ::toupper);
        1:   25-block  0
call    0 returned 1
call    1 returned 1
call    2 returned 1
call    3 returned 1
        1:   26:  if (!actionString.empty()) {
call    0 returned 1
branch  1 taken 1 (fallthrough)
branch  2 taken 0
        1:   27:    if (actionString == "SHOW") {
        1:   27-block  0
call    0 returned 1
branch  1 taken 0 (fallthrough)
branch  2 taken 1
    #####:   28:      return ActionType::SHOW;
    %%%%%:   28-block  0
        -:   29:    }
        1:   30:    if (actionString == "SHOW_CATEGORY") {
        1:   30-block  0
call    0 returned 1
branch  1 taken 0 (fallthrough)
branch  2 taken 1
    #####:   31:      return ActionType::SHOW_CATEGORY;
    %%%%%:   31-block  0
        -:   32:    }
        1:   33:    if (actionString == "SHOW_CATEGORIES") {
        1:   33-block  0
call    0 returned 1
branch  1 taken 0 (fallthrough)
branch  2 taken 1
    #####:   34:      return ActionType::SHOW_CATEGORIES;
    %%%%%:   34-block  0
        -:   35:    }
        1:   36:    if (actionString == "ADD") {
        1:   36-block  0
call    0 returned 1
branch  1 taken 1 (fallthrough)
branch  2 taken 0
        1:   37:      return ActionType::ADD;
        1:   37-block  0
        -:   38:    }
    #####:   39:    if (actionString == "DELETE") {
    %%%%%:   39-block  0
call    0 never executed
branch  1 never executed
branch  2 never executed
    #####:   40:      return ActionType::DELETE;
    %%%%%:   40-block  0
        -:   41:    }
    #####:   42:    if (actionString == "STAGE") {
    %%%%%:   42-block  0
call    0 never executed
branch  1 never executed
branch  2 never executed
    #####:   43:      return ActionType::STAGE;
    %%%%%:   43-block  0
        -:   44:    }
    #####:   45:    if (actionString == "EXECUTE_ALL") {
    %%%%%:   45-block  0
call    0 never executed
branch  1 never executed
branch  2 never executed
    #####:   46:      return ActionType::EXECUTE_ALL;
    %%%%%:   46-block  0
        -:   47:    }
        -:   48:  }
    #####:   49:  return ActionType::NULL0;
    %%%%%:   49-block  0
        -:   50:}
        -:   51:
function _ZN13ActionHandlerC2EP13StockExchangeNSt7__cxx1112basic_stringIcSt11char_traitsIcESaIcEEE called 0 returned 0% blocks executed 0%
    #####:   52:ActionHandler::ActionHandler(StockExchange* context, std::string lead):
    #####:   53:  action_leader(lead), context(context) {}
    %%%%%:   53-block  0
call    0 never executed
