        -:    0:Source:/home/lisa/CLionProjects/Exchange/Order/Order.cpp
        -:    0:Graph:/home/lisa/CLionProjects/Exchange/cmake-build-debug-coverage/tests/CMakeFiles/ExchangeTest.dir/__/Order/Order.cpp.gcno
        -:    0:Data:/home/lisa/CLionProjects/Exchange/cmake-build-debug-coverage/tests/CMakeFiles/ExchangeTest.dir/__/Order/Order.cpp.gcda
        -:    0:Runs:1
        -:    1:#include "Order.hpp"
        -:    2:
function _ZN5OrderC2Ev called 0 returned 0% blocks executed 0%
    #####:    3:Order::Order() {}
    %%%%%:    3-block  0
call    0 never executed
call    1 never executed
branch  2 never executed
branch  3 never executed
    %%%%%:    3-block  1
call    4 never executed
branch  5 never executed
branch  6 never executed
    %%%%%:    3-block  2
    $$$$$:    3-block  3
call    7 never executed
    $$$$$:    3-block  4
call    8 never executed
        -:    4:
function _ZN5OrderC2E6Trader5Stock4Typeid called 0 returned 0% blocks executed 0%
    #####:    5:Order::Order(Trader trader, Stock stock, Type type, int quantity, double rate) :
    #####:    6:  trader_(trader),
    %%%%%:    6-block  0
call    0 never executed
    #####:    7:  stock_(stock),
call    0 never executed
branch  1 never executed
branch  2 never executed
    #####:    8:  type_(type),
    #####:    9:  quantity_(quantity),
    #####:   10:  rate_(rate) {}
    %%%%%:   10-block  0
    $$$$$:   10-block  1
call    0 never executed
        -:   11:
function _ZN5OrderC2E6Trader5StockNSt7__cxx1112basic_stringIcSt11char_traitsIcESaIcEEEid called 0 returned 0% blocks executed 0%
    #####:   12:Order::Order(Trader trader, Stock stock, std::string type, int quantity, double rate) :
    #####:   13:  trader_(trader),
    %%%%%:   13-block  0
call    0 never executed
    #####:   14:  stock_(stock),
call    0 never executed
branch  1 never executed
branch  2 never executed
    #####:   15:  type_(Type(type)),
    %%%%%:   15-block  0
call    0 never executed
branch  1 never executed
branch  2 never executed
    %%%%%:   15-block  1
call    3 never executed
branch  4 never executed
branch  5 never executed
    %%%%%:   15-block  2
call    6 never executed
    $$$$$:   15-block  3
call    7 never executed
    $$$$$:   15-block  4
    #####:   16:  quantity_(quantity),
    #####:   17:  rate_(rate) {}
    $$$$$:   17-block  0
call    0 never executed
    $$$$$:   17-block  1
call    1 never executed
        -:   18:
function _ZN5Order9GetTraderEv called 0 returned 0% blocks executed 0%
    #####:   19:Trader Order::GetTrader() {
    #####:   20:  return this->trader_;
    %%%%%:   20-block  0
call    0 never executed
        -:   21:}
        -:   22:
function _ZN5Order9SetTraderE6Trader called 0 returned 0% blocks executed 0%
    #####:   23:void Order::SetTrader(Trader trader) {
    #####:   24:  this->trader_ = trader;
    %%%%%:   24-block  0
call    0 never executed
    #####:   25:}
        -:   26:
function _ZN5Order8GetStockEv called 0 returned 0% blocks executed 0%
    #####:   27:Stock Order::GetStock() {
    #####:   28:  return this->stock_;
    %%%%%:   28-block  0
call    0 never executed
        -:   29:}
        -:   30:
function _ZN5Order8SetStockE5Stock called 0 returned 0% blocks executed 0%
    #####:   31:void Order::SetStock(Stock stock) {
    #####:   32:  this->stock_ = stock;
    %%%%%:   32-block  0
call    0 never executed
    #####:   33:}
        -:   34:
function _ZN5Order7GetTypeEv called 0 returned 0% blocks executed 0%
    #####:   35:Type Order::GetType() {
    #####:   36:  return this->type_;
    %%%%%:   36-block  0
        -:   37:}
        -:   38:
function _ZN5Order11GetQuantityEv called 0 returned 0% blocks executed 0%
    #####:   39:int Order::GetQuantity() {
    #####:   40:  return this->quantity_;
    %%%%%:   40-block  0
        -:   41:}
        -:   42:
function _ZN5Order11SetQuantityEi called 0 returned 0% blocks executed 0%
    #####:   43:void Order::SetQuantity(int quantity) {
    #####:   44:  this->quantity_ = quantity;
    #####:   45:}
        -:   46:
function _ZN5Order7GetRateEv called 0 returned 0% blocks executed 0%
    #####:   47:double Order::GetRate() {
    #####:   48:  return this->rate_;
    %%%%%:   48-block  0
        -:   49:}
        -:   50:
function _ZN5Order7SetRateEd called 0 returned 0% blocks executed 0%
    #####:   51:void Order::SetRate(double rate) {
    #####:   52:  this->rate_ = rate;
    #####:   53:}
        -:   54:
function _ZN5Order8ToStringB5cxx11Ev called 0 returned 0% blocks executed 0%
    #####:   55:std::string Order::ToString() {
    #####:   56:  std::string str_trader_id = std::to_string(GetTrader().GetId());
    %%%%%:   56-block  0
call    0 never executed
branch  1 never executed
branch  2 never executed
    %%%%%:   56-block  1
call    3 never executed
branch  4 never executed
branch  5 never executed
    %%%%%:   56-block  2
call    6 never executed
branch  7 never executed
branch  8 never executed
    $$$$$:   56-block  3
    #####:   57:  std::string str_quantity = std::to_string(GetQuantity());
call    0 never executed
call    1 never executed
branch  2 never executed
branch  3 never executed
    #####:   58:  std::string str_rate = std::to_string(GetRate());
    %%%%%:   58-block  0
call    0 never executed
call    1 never executed
branch  2 never executed
branch  3 never executed
    #####:   59:  return "Order{trader_id=" + str_trader_id + ", trader_name='" + GetTrader().GetName() + "', stock='" + GetStock().GetTicker()
    %%%%%:   59-block  0
call    0 never executed
branch  1 never executed
branch  2 never executed
    %%%%%:   59-block  1
call    3 never executed
branch  4 never executed
branch  5 never executed
    %%%%%:   59-block  2
call    6 never executed
branch  7 never executed
branch  8 never executed
    %%%%%:   59-block  3
call    9 never executed
branch 10 never executed
branch 11 never executed
    %%%%%:   59-block  4
call   12 never executed
branch 13 never executed
branch 14 never executed
    %%%%%:   59-block  5
call   15 never executed
branch 16 never executed
branch 17 never executed
    %%%%%:   59-block  6
call   18 never executed
branch 19 never executed
branch 20 never executed
    %%%%%:   59-block  7
call   21 never executed
branch 22 never executed
branch 23 never executed
    %%%%%:   59-block  8
call   24 never executed
branch 25 never executed
branch 26 never executed
call   27 never executed
call   28 never executed
call   29 never executed
call   30 never executed
call   31 never executed
call   32 never executed
call   33 never executed
call   34 never executed
    $$$$$:   59-block  9
call   35 never executed
    $$$$$:   59-block 10
    $$$$$:   59-block 11
call   36 never executed
    $$$$$:   59-block 12
    $$$$$:   59-block 13
call   37 never executed
    $$$$$:   59-block 14
    $$$$$:   59-block 15
call   38 never executed
    $$$$$:   59-block 16
    $$$$$:   59-block 17
call   39 never executed
    $$$$$:   59-block 18
    $$$$$:   59-block 19
call   40 never executed
    $$$$$:   59-block 20
    $$$$$:   59-block 21
call   41 never executed
    $$$$$:   59-block 22
    $$$$$:   59-block 23
call   42 never executed
    $$$$$:   59-block 24
    $$$$$:   59-block 25
call   43 never executed
    $$$$$:   59-block 26
    #####:   60:  + "', type='" + GetType().GetOrderString() + "', quantity=" + str_quantity + ", rate=" + str_rate + "}";
    %%%%%:   60-block  0
call    0 never executed
call    1 never executed
branch  2 never executed
branch  3 never executed
    %%%%%:   60-block  1
call    4 never executed
branch  5 never executed
branch  6 never executed
    %%%%%:   60-block  2
call    7 never executed
branch  8 never executed
branch  9 never executed
    %%%%%:   60-block  3
call   10 never executed
branch 11 never executed
branch 12 never executed
    %%%%%:   60-block  4
call   13 never executed
branch 14 never executed
branch 15 never executed
    %%%%%:   60-block  5
call   16 never executed
branch 17 never executed
branch 18 never executed
    %%%%%:   60-block  6
call   19 never executed
branch 20 never executed
branch 21 never executed
    %%%%%:   60-block  7
call   22 never executed
branch 23 never executed
branch 24 never executed
    %%%%%:   60-block  8
call   25 never executed
call   26 never executed
call   27 never executed
call   28 never executed
call   29 never executed
call   30 never executed
call   31 never executed
call   32 never executed
    %%%%%:   60-block  9
    $$$$$:   60-block 10
call   33 never executed
    $$$$$:   60-block 11
    $$$$$:   60-block 12
call   34 never executed
    $$$$$:   60-block 13
    $$$$$:   60-block 14
call   35 never executed
    $$$$$:   60-block 15
    $$$$$:   60-block 16
call   36 never executed
    $$$$$:   60-block 17
    $$$$$:   60-block 18
call   37 never executed
    $$$$$:   60-block 19
    $$$$$:   60-block 20
call   38 never executed
    $$$$$:   60-block 21
    $$$$$:   60-block 22
call   39 never executed
    $$$$$:   60-block 23
    $$$$$:   60-block 24
    #####:   61:}
call    0 never executed
call    1 never executed
call    2 never executed
    $$$$$:   61-block  0
call    3 never executed
    $$$$$:   61-block  1
call    4 never executed
    $$$$$:   61-block  2
call    5 never executed
