        -:    0:Source:/home/lisa/CLionProjects/Exchange/Trader/Trader.hpp
        -:    0:Graph:/home/lisa/CLionProjects/Exchange/cmake-build-debug-coverage/tests/CMakeFiles/ExchangeTest.dir/__/StockExchange.cpp.gcno
        -:    0:Data:/home/lisa/CLionProjects/Exchange/cmake-build-debug-coverage/tests/CMakeFiles/ExchangeTest.dir/__/StockExchange.cpp.gcda
        -:    0:Runs:1
        -:    1:#pragma once
        -:    2:
        -:    3:#include <iostream>
        -:    4:#include <unordered_map>
        -:    5:#include "../Company/Stock.hpp"
        -:    6:
        -:    7:static int count = 0;
        -:    8:
        -:    9:class Trader {
        -:   10: public:
        -:   11:  Trader();
function _ZN6TraderD2Ev called 0 returned 0% blocks executed 0%
    #####:   12:  ~Trader() = default;
    %%%%%:   12-block  0
call    0 never executed
call    1 never executed
        -:   13:  Trader(std::string name, double currency, std::unordered_map<int, std::pair<Stock, int>>);
        -:   14:  Trader(std::string name, double currency);
        -:   15:
        -:   16:  long GetId();
        -:   17:  void SetId(long id);
        -:   18:  std::string GetName();
        -:   19:  void SetName(std::string name);
        -:   20:  double GetCurrency();
        -:   21:  void SetCurrency(double currency);
        -:   22:  std::unordered_map<int, std::pair<Stock, int>> GetHoldings();
        -:   23:  int GetHolding(Stock stock);
        -:   24:  void SetHoldings(std::unordered_map<int, std::pair<Stock, int>> holdings);
        -:   25:  void PutHolding(Stock stock, int quantity);
        -:   26:  double PutCurrency(double currency);
        -:   27:  std::string ToStringHoldings();
        -:   28:  std::string ToString();
        -:   29: private:
        -:   30:  long id_;
        -:   31:  std::string name_;
        -:   32:  double currency_;
        -:   33:  std::unordered_map<int, std::pair<Stock, int>> holdings_; // stock, count
        -:   34:};
